2021-10-27 16:49:17.408  INFO 17244 --- [restartedMain] c.f.FlightreservationApplication         : Starting FlightreservationApplication using Java 1.8.0_271 on LTIN291036 with PID 17244 (C:\Subhankar\JAVA\Practice\FlightCheckout27102021\codebase\flightreservation\flightreservation\target\classes started by 499083 in C:\Subhankar\JAVA\Practice\FlightCheckout27102021\codebase\flightreservation\flightreservation)
2021-10-27 16:49:17.409  INFO 17244 --- [restartedMain] c.f.FlightreservationApplication         : No active profile set, falling back to default profiles: default
2021-10-27 16:49:17.744  INFO 17244 --- [restartedMain] .s.d.r.c.RepositoryConfigurationDelegate : Bootstrapping Spring Data JPA repositories in DEFAULT mode.
2021-10-27 16:49:17.780  INFO 17244 --- [restartedMain] .s.d.r.c.RepositoryConfigurationDelegate : Finished Spring Data repository scanning in 33 ms. Found 4 JPA repository interfaces.
2021-10-27 16:49:17.991  INFO 17244 --- [restartedMain] o.s.b.w.embedded.tomcat.TomcatWebServer  : Tomcat initialized with port(s): 8080 (http)
2021-10-27 16:49:17.992  INFO 17244 --- [restartedMain] o.apache.catalina.core.StandardService   : Starting service [Tomcat]
2021-10-27 16:49:17.993  INFO 17244 --- [restartedMain] org.apache.catalina.core.StandardEngine  : Starting Servlet engine: [Apache Tomcat/9.0.52]
2021-10-27 16:49:18.086  INFO 17244 --- [restartedMain] org.apache.jasper.servlet.TldScanner     : At least one JAR was scanned for TLDs yet contained no TLDs. Enable debug logging for this logger for a complete list of JARs that were scanned but no TLDs were found in them. Skipping unneeded JARs during scanning can improve startup time and JSP compilation time.
2021-10-27 16:49:18.090  INFO 17244 --- [restartedMain] o.a.c.c.C.[.[.[/flightreservation]       : Initializing Spring embedded WebApplicationContext
2021-10-27 16:49:18.090  INFO 17244 --- [restartedMain] w.s.c.ServletWebServerApplicationContext : Root WebApplicationContext: initialization completed in 678 ms
2021-10-27 16:49:18.140  INFO 17244 --- [restartedMain] o.hibernate.jpa.internal.util.LogHelper  : HHH000204: Processing PersistenceUnitInfo [name: default]
2021-10-27 16:49:18.146  INFO 17244 --- [restartedMain] com.zaxxer.hikari.HikariDataSource       : HikariPool-2 - Starting...
2021-10-27 16:49:18.152  INFO 17244 --- [restartedMain] com.zaxxer.hikari.HikariDataSource       : HikariPool-2 - Start completed.
2021-10-27 16:49:18.152  INFO 17244 --- [restartedMain] org.hibernate.dialect.Dialect            : HHH000400: Using dialect: org.hibernate.dialect.MySQL8Dialect
2021-10-27 16:49:18.233  INFO 17244 --- [restartedMain] o.h.e.t.j.p.i.JtaPlatformInitiator       : HHH000490: Using JtaPlatform implementation: [org.hibernate.engine.transaction.jta.platform.internal.NoJtaPlatform]
2021-10-27 16:49:18.234  INFO 17244 --- [restartedMain] j.LocalContainerEntityManagerFactoryBean : Initialized JPA EntityManagerFactory for persistence unit 'default'
2021-10-27 16:49:18.239  INFO 17244 --- [restartedMain] o.s.b.d.a.OptionalLiveReloadServer       : LiveReload server is running on port 35729
2021-10-27 16:49:18.396  WARN 17244 --- [restartedMain] JpaBaseConfiguration$JpaWebConfiguration : spring.jpa.open-in-view is enabled by default. Therefore, database queries may be performed during view rendering. Explicitly configure spring.jpa.open-in-view to disable this warning
2021-10-27 16:49:18.449  INFO 17244 --- [restartedMain] o.s.b.a.w.s.WelcomePageHandlerMapping    : Adding welcome page template: index
2021-10-27 16:49:18.502  INFO 17244 --- [restartedMain] o.s.b.w.embedded.tomcat.TomcatWebServer  : Tomcat started on port(s): 8080 (http) with context path '/flightreservation'
2021-10-27 16:49:18.505  INFO 17244 --- [restartedMain] c.f.FlightreservationApplication         : Started FlightreservationApplication in 1.158 seconds (JVM running for 82.258)
2021-10-27 16:49:18.507  INFO 17244 --- [restartedMain] .ConditionEvaluationDeltaLoggingListener : Condition evaluation unchanged
2021-10-27 16:49:24.560  INFO 17244 --- [http-nio-8080-exec-1] o.a.c.c.C.[.[.[/flightreservation]       : Initializing Spring DispatcherServlet 'dispatcherServlet'
2021-10-27 16:49:24.561  INFO 17244 --- [http-nio-8080-exec-1] o.s.web.servlet.DispatcherServlet        : Initializing Servlet 'dispatcherServlet'
2021-10-27 16:49:24.562  INFO 17244 --- [http-nio-8080-exec-1] o.s.web.servlet.DispatcherServlet        : Completed initialization in 1 ms
2021-10-27 16:49:25.651  INFO 17244 --- [http-nio-8080-exec-2] c.f.controller.UserController            : Inside method: showLogin()
2021-10-27 16:49:43.632  INFO 17244 --- [http-nio-8080-exec-3] c.f.controller.UserController            : Inside method: loginModule()
2021-10-27 16:49:43.633  INFO 17244 --- [http-nio-8080-exec-3] c.f.controller.UserController            : Email:subhankartestspring@gmail.com and Password: test
2021-10-27 16:54:37.147  INFO 17244 --- [Thread-8] j.LocalContainerEntityManagerFactoryBean : Closing JPA EntityManagerFactory for persistence unit 'default'
2021-10-27 16:54:37.148  INFO 17244 --- [Thread-8] com.zaxxer.hikari.HikariDataSource       : HikariPool-2 - Shutdown initiated...
2021-10-27 16:54:37.152  INFO 17244 --- [Thread-8] com.zaxxer.hikari.HikariDataSource       : HikariPool-2 - Shutdown completed.
